22-Feb-2019 14:38:28.985 INFO [main] com.springsource.tcserver.security.PropertyDecoder.<init> tc Runtime property decoder using memory-based key
22-Feb-2019 14:38:29.000 INFO [main] com.springsource.tcserver.security.TcDecoder.initCiphers Initializing ciphers
22-Feb-2019 14:38:29.313 INFO [main] com.springsource.tcserver.security.PropertyDecoder.<init> tcServer Runtime property decoder has been initialized in 323 ms
22-Feb-2019 14:38:29.813 INFO [main] org.apache.coyote.AbstractProtocol.init Initializing ProtocolHandler ["http-nio-8090"]
22-Feb-2019 14:38:29.965 INFO [main] org.apache.tomcat.util.net.NioSelectorPool.getSharedSelector Using a shared selector for servlet write/read
22-Feb-2019 14:38:29.965 INFO [main] org.apache.coyote.AbstractProtocol.init Initializing ProtocolHandler ["https-jsse-nio-8443"]
22-Feb-2019 14:38:30.090 INFO [main] org.apache.tomcat.util.net.NioSelectorPool.getSharedSelector Using a shared selector for servlet write/read
22-Feb-2019 14:38:30.199 INFO [main] com.springsource.tcserver.serviceability.rmi.JmxSocketListener.init Started up JMX registry on 127.0.0.1:6969 in 111 ms
22-Feb-2019 14:38:30.208 INFO [main] org.apache.catalina.core.StandardService.startInternal Starting service [Catalina]
22-Feb-2019 14:38:30.208 INFO [main] org.apache.catalina.core.StandardEngine.startInternal Starting Servlet Engine: Pivotal tc Runtime 3.2.8.RELEASE/8.5.23.A.RELEASE
22-Feb-2019 14:38:30.224 INFO [localhost-startStop-1] org.apache.catalina.startup.HostConfig.deployDescriptor Deploying configuration descriptor [C:\sts-bundle\sts-bundle\pivotal-tc-server-developer-3.2.8.RELEASE\server\conf\Catalina\localhost\MyFirstWebAppli.xml]
22-Feb-2019 14:38:30.255 WARNING [localhost-startStop-1] org.apache.catalina.startup.SetContextPropertiesRule.begin [SetContextPropertiesRule]{Context} Setting property 'source' to 'org.eclipse.jst.jee.server:MyFirstWebAppli' did not find a matching property.
22-Feb-2019 14:38:36.669 INFO [localhost-startStop-1] org.apache.jasper.servlet.TldScanner.scanJars At least one JAR was scanned for TLDs yet contained no TLDs. Enable debug logging for this logger for a complete list of JARs that were scanned but no TLDs were found in them. Skipping unneeded JARs during scanning can improve startup time and JSP compilation time.
22-Feb-2019 14:38:36.700 INFO [localhost-startStop-1] org.apache.catalina.startup.HostConfig.deployDescriptor Deployment of configuration descriptor [C:\sts-bundle\sts-bundle\pivotal-tc-server-developer-3.2.8.RELEASE\server\conf\Catalina\localhost\MyFirstWebAppli.xml] has finished in [6,476] ms
22-Feb-2019 14:38:36.700 INFO [localhost-startStop-1] org.apache.catalina.startup.HostConfig.deployDirectory Deploying web application directory [C:\sts-bundle\sts-bundle\pivotal-tc-server-developer-3.2.8.RELEASE\server\webapps\manager]
22-Feb-2019 14:38:40.747 INFO [localhost-startStop-1] org.apache.jasper.servlet.TldScanner.scanJars At least one JAR was scanned for TLDs yet contained no TLDs. Enable debug logging for this logger for a complete list of JARs that were scanned but no TLDs were found in them. Skipping unneeded JARs during scanning can improve startup time and JSP compilation time.
22-Feb-2019 14:38:40.763 INFO [localhost-startStop-1] org.apache.catalina.startup.HostConfig.deployDirectory Deployment of web application directory [C:\sts-bundle\sts-bundle\pivotal-tc-server-developer-3.2.8.RELEASE\server\webapps\manager] has finished in [4,063] ms
22-Feb-2019 14:38:40.763 INFO [localhost-startStop-1] org.apache.catalina.startup.HostConfig.deployDirectory Deploying web application directory [C:\sts-bundle\sts-bundle\pivotal-tc-server-developer-3.2.8.RELEASE\server\webapps\ROOT]
22-Feb-2019 14:38:44.669 INFO [localhost-startStop-1] org.apache.jasper.servlet.TldScanner.scanJars At least one JAR was scanned for TLDs yet contained no TLDs. Enable debug logging for this logger for a complete list of JARs that were scanned but no TLDs were found in them. Skipping unneeded JARs during scanning can improve startup time and JSP compilation time.
22-Feb-2019 14:38:44.669 INFO [localhost-startStop-1] org.apache.catalina.startup.HostConfig.deployDirectory Deployment of web application directory [C:\sts-bundle\sts-bundle\pivotal-tc-server-developer-3.2.8.RELEASE\server\webapps\ROOT] has finished in [3,906] ms
22-Feb-2019 14:38:44.685 INFO [main] org.apache.coyote.AbstractProtocol.start Starting ProtocolHandler ["http-nio-8090"]
22-Feb-2019 14:38:44.685 INFO [main] org.apache.coyote.AbstractProtocol.start Starting ProtocolHandler ["https-jsse-nio-8443"]
22-Feb-2019 14:43:03.997 INFO [RMI TCP Connection(9)-127.0.0.1] org.apache.coyote.AbstractProtocol.pause Pausing ProtocolHandler ["http-nio-8090"]
22-Feb-2019 14:43:04.028 INFO [RMI TCP Connection(9)-127.0.0.1] org.apache.coyote.AbstractProtocol.pause Pausing ProtocolHandler ["https-jsse-nio-8443"]
22-Feb-2019 14:43:04.059 INFO [RMI TCP Connection(9)-127.0.0.1] org.apache.catalina.core.StandardService.stopInternal Stopping service [Catalina]
22-Feb-2019 14:43:04.090 INFO [RMI TCP Connection(9)-127.0.0.1] org.apache.coyote.AbstractProtocol.stop Stopping ProtocolHandler ["http-nio-8090"]
22-Feb-2019 14:43:04.090 INFO [RMI TCP Connection(9)-127.0.0.1] org.apache.coyote.AbstractProtocol.stop Stopping ProtocolHandler ["https-jsse-nio-8443"]
22-Feb-2019 14:43:05.741 INFO [main] com.springsource.tcserver.security.PropertyDecoder.<init> tc Runtime property decoder using memory-based key
22-Feb-2019 14:43:05.741 INFO [main] com.springsource.tcserver.security.TcDecoder.initCiphers Initializing ciphers
22-Feb-2019 14:43:05.979 INFO [main] com.springsource.tcserver.security.PropertyDecoder.<init> tcServer Runtime property decoder has been initialized in 242 ms
22-Feb-2019 14:43:06.386 INFO [main] org.apache.coyote.AbstractProtocol.init Initializing ProtocolHandler ["http-nio-8090"]
22-Feb-2019 14:43:06.526 INFO [main] org.apache.tomcat.util.net.NioSelectorPool.getSharedSelector Using a shared selector for servlet write/read
22-Feb-2019 14:43:06.526 INFO [main] org.apache.coyote.AbstractProtocol.init Initializing ProtocolHandler ["https-jsse-nio-8443"]
22-Feb-2019 14:43:06.651 INFO [main] org.apache.tomcat.util.net.NioSelectorPool.getSharedSelector Using a shared selector for servlet write/read
22-Feb-2019 14:43:06.714 INFO [main] com.springsource.tcserver.serviceability.rmi.JmxSocketListener.init Started up JMX registry on 127.0.0.1:6969 in 70 ms
22-Feb-2019 14:43:06.731 INFO [main] org.apache.catalina.core.StandardService.startInternal Starting service [Catalina]
22-Feb-2019 14:43:06.731 INFO [main] org.apache.catalina.core.StandardEngine.startInternal Starting Servlet Engine: Pivotal tc Runtime 3.2.8.RELEASE/8.5.23.A.RELEASE
22-Feb-2019 14:43:06.746 INFO [localhost-startStop-1] org.apache.catalina.startup.HostConfig.deployDescriptor Deploying configuration descriptor [C:\sts-bundle\sts-bundle\pivotal-tc-server-developer-3.2.8.RELEASE\server\conf\Catalina\localhost\MyFirstWebAppli.xml]
22-Feb-2019 14:43:06.777 WARNING [localhost-startStop-1] org.apache.catalina.startup.SetContextPropertiesRule.begin [SetContextPropertiesRule]{Context} Setting property 'source' to 'org.eclipse.jst.jee.server:MyFirstWebAppli' did not find a matching property.
22-Feb-2019 14:43:11.682 INFO [localhost-startStop-1] org.apache.jasper.servlet.TldScanner.scanJars At least one JAR was scanned for TLDs yet contained no TLDs. Enable debug logging for this logger for a complete list of JARs that were scanned but no TLDs were found in them. Skipping unneeded JARs during scanning can improve startup time and JSP compilation time.
22-Feb-2019 14:43:11.729 INFO [localhost-startStop-1] org.apache.catalina.startup.HostConfig.deployDescriptor Deployment of configuration descriptor [C:\sts-bundle\sts-bundle\pivotal-tc-server-developer-3.2.8.RELEASE\server\conf\Catalina\localhost\MyFirstWebAppli.xml] has finished in [4,983] ms
22-Feb-2019 14:43:11.729 INFO [localhost-startStop-1] org.apache.catalina.startup.HostConfig.deployDirectory Deploying web application directory [C:\sts-bundle\sts-bundle\pivotal-tc-server-developer-3.2.8.RELEASE\server\webapps\manager]
22-Feb-2019 14:43:15.745 INFO [localhost-startStop-1] org.apache.jasper.servlet.TldScanner.scanJars At least one JAR was scanned for TLDs yet contained no TLDs. Enable debug logging for this logger for a complete list of JARs that were scanned but no TLDs were found in them. Skipping unneeded JARs during scanning can improve startup time and JSP compilation time.
22-Feb-2019 14:43:15.760 INFO [localhost-startStop-1] org.apache.catalina.startup.HostConfig.deployDirectory Deployment of web application directory [C:\sts-bundle\sts-bundle\pivotal-tc-server-developer-3.2.8.RELEASE\server\webapps\manager] has finished in [4,031] ms
22-Feb-2019 14:43:15.760 INFO [localhost-startStop-1] org.apache.catalina.startup.HostConfig.deployDirectory Deploying web application directory [C:\sts-bundle\sts-bundle\pivotal-tc-server-developer-3.2.8.RELEASE\server\webapps\ROOT]
22-Feb-2019 14:43:19.495 INFO [localhost-startStop-1] org.apache.jasper.servlet.TldScanner.scanJars At least one JAR was scanned for TLDs yet contained no TLDs. Enable debug logging for this logger for a complete list of JARs that were scanned but no TLDs were found in them. Skipping unneeded JARs during scanning can improve startup time and JSP compilation time.
22-Feb-2019 14:43:19.495 INFO [localhost-startStop-1] org.apache.catalina.startup.HostConfig.deployDirectory Deployment of web application directory [C:\sts-bundle\sts-bundle\pivotal-tc-server-developer-3.2.8.RELEASE\server\webapps\ROOT] has finished in [3,735] ms
22-Feb-2019 14:43:19.511 INFO [main] org.apache.coyote.AbstractProtocol.start Starting ProtocolHandler ["http-nio-8090"]
22-Feb-2019 14:43:19.511 INFO [main] org.apache.coyote.AbstractProtocol.start Starting ProtocolHandler ["https-jsse-nio-8443"]
22-Feb-2019 14:44:09.543 INFO [ContainerBackgroundProcessor[StandardEngine[Catalina]]] org.apache.catalina.core.StandardContext.reload Reloading Context with name [/MyFirstWebAppli] has started
22-Feb-2019 14:44:12.731 INFO [RMI TCP Connection(4)-127.0.0.1] org.apache.coyote.AbstractProtocol.pause Pausing ProtocolHandler ["http-nio-8090"]
22-Feb-2019 14:44:12.825 INFO [RMI TCP Connection(4)-127.0.0.1] org.apache.coyote.AbstractProtocol.pause Pausing ProtocolHandler ["https-jsse-nio-8443"]
22-Feb-2019 14:44:12.903 INFO [RMI TCP Connection(4)-127.0.0.1] org.apache.catalina.core.StandardService.stopInternal Stopping service [Catalina]
22-Feb-2019 14:44:13.900 INFO [25] org.apache.catalina.core.StandardContext.reload Reloading Context with name [/MyFirstWebAppli] is completed
22-Feb-2019 14:44:13.916 INFO [RMI TCP Connection(4)-127.0.0.1] org.apache.coyote.AbstractProtocol.stop Stopping ProtocolHandler ["http-nio-8090"]
22-Feb-2019 14:44:13.916 INFO [RMI TCP Connection(4)-127.0.0.1] org.apache.coyote.AbstractProtocol.stop Stopping ProtocolHandler ["https-jsse-nio-8443"]
22-Feb-2019 14:44:15.548 INFO [main] com.springsource.tcserver.security.PropertyDecoder.<init> tc Runtime property decoder using memory-based key
22-Feb-2019 14:44:15.548 INFO [main] com.springsource.tcserver.security.TcDecoder.initCiphers Initializing ciphers
22-Feb-2019 14:44:15.782 INFO [main] com.springsource.tcserver.security.PropertyDecoder.<init> tcServer Runtime property decoder has been initialized in 240 ms
22-Feb-2019 14:44:16.188 INFO [main] org.apache.coyote.AbstractProtocol.init Initializing ProtocolHandler ["http-nio-8090"]
22-Feb-2019 14:44:16.298 INFO [main] org.apache.tomcat.util.net.NioSelectorPool.getSharedSelector Using a shared selector for servlet write/read
22-Feb-2019 14:44:16.298 INFO [main] org.apache.coyote.AbstractProtocol.init Initializing ProtocolHandler ["https-jsse-nio-8443"]
22-Feb-2019 14:44:16.423 INFO [main] org.apache.tomcat.util.net.NioSelectorPool.getSharedSelector Using a shared selector for servlet write/read
22-Feb-2019 14:44:16.501 INFO [main] com.springsource.tcserver.serviceability.rmi.JmxSocketListener.init Started up JMX registry on 127.0.0.1:6969 in 72 ms
22-Feb-2019 14:44:16.504 INFO [main] org.apache.catalina.core.StandardService.startInternal Starting service [Catalina]
22-Feb-2019 14:44:16.504 INFO [main] org.apache.catalina.core.StandardEngine.startInternal Starting Servlet Engine: Pivotal tc Runtime 3.2.8.RELEASE/8.5.23.A.RELEASE
22-Feb-2019 14:44:16.519 INFO [localhost-startStop-1] org.apache.catalina.startup.HostConfig.deployDescriptor Deploying configuration descriptor [C:\sts-bundle\sts-bundle\pivotal-tc-server-developer-3.2.8.RELEASE\server\conf\Catalina\localhost\MyFirstWebAppli.xml]
22-Feb-2019 14:44:16.550 WARNING [localhost-startStop-1] org.apache.catalina.startup.SetContextPropertiesRule.begin [SetContextPropertiesRule]{Context} Setting property 'source' to 'org.eclipse.jst.jee.server:MyFirstWebAppli' did not find a matching property.
22-Feb-2019 14:44:21.369 INFO [localhost-startStop-1] org.apache.jasper.servlet.TldScanner.scanJars At least one JAR was scanned for TLDs yet contained no TLDs. Enable debug logging for this logger for a complete list of JARs that were scanned but no TLDs were found in them. Skipping unneeded JARs during scanning can improve startup time and JSP compilation time.
22-Feb-2019 14:44:21.400 INFO [localhost-startStop-1] org.apache.catalina.startup.HostConfig.deployDescriptor Deployment of configuration descriptor [C:\sts-bundle\sts-bundle\pivotal-tc-server-developer-3.2.8.RELEASE\server\conf\Catalina\localhost\MyFirstWebAppli.xml] has finished in [4,881] ms
22-Feb-2019 14:44:21.400 INFO [localhost-startStop-1] org.apache.catalina.startup.HostConfig.deployDirectory Deploying web application directory [C:\sts-bundle\sts-bundle\pivotal-tc-server-developer-3.2.8.RELEASE\server\webapps\manager]
22-Feb-2019 14:44:25.291 INFO [localhost-startStop-1] org.apache.jasper.servlet.TldScanner.scanJars At least one JAR was scanned for TLDs yet contained no TLDs. Enable debug logging for this logger for a complete list of JARs that were scanned but no TLDs were found in them. Skipping unneeded JARs during scanning can improve startup time and JSP compilation time.
22-Feb-2019 14:44:25.291 INFO [localhost-startStop-1] org.apache.catalina.startup.HostConfig.deployDirectory Deployment of web application directory [C:\sts-bundle\sts-bundle\pivotal-tc-server-developer-3.2.8.RELEASE\server\webapps\manager] has finished in [3,891] ms
22-Feb-2019 14:44:25.291 INFO [localhost-startStop-1] org.apache.catalina.startup.HostConfig.deployDirectory Deploying web application directory [C:\sts-bundle\sts-bundle\pivotal-tc-server-developer-3.2.8.RELEASE\server\webapps\ROOT]
22-Feb-2019 14:44:29.026 INFO [localhost-startStop-1] org.apache.jasper.servlet.TldScanner.scanJars At least one JAR was scanned for TLDs yet contained no TLDs. Enable debug logging for this logger for a complete list of JARs that were scanned but no TLDs were found in them. Skipping unneeded JARs during scanning can improve startup time and JSP compilation time.
22-Feb-2019 14:44:29.042 INFO [localhost-startStop-1] org.apache.catalina.startup.HostConfig.deployDirectory Deployment of web application directory [C:\sts-bundle\sts-bundle\pivotal-tc-server-developer-3.2.8.RELEASE\server\webapps\ROOT] has finished in [3,751] ms
22-Feb-2019 14:44:29.042 INFO [main] org.apache.coyote.AbstractProtocol.start Starting ProtocolHandler ["http-nio-8090"]
22-Feb-2019 14:44:29.057 INFO [main] org.apache.coyote.AbstractProtocol.start Starting ProtocolHandler ["https-jsse-nio-8443"]
